<?xml version="1.0" encoding="UTF-8"?>
<!-- Generated by org.testng.reporters.JUnitReportReporter -->
<testsuite hostname="KULDEEP-JOSHI" name="LoginTestCases.LoginPostive1" tests="1" failures="0" timestamp="2 May 2016 13:26:38 GMT" time="16.007" errors="0">
  <testcase name="loginMethod" time="16.007" classname="LoginTestCases.LoginPostive1"/>
</testsuite> <!-- LoginTestCases.LoginPostive1 -->
