<?xml version="1.0" encoding="UTF-8"?>
<!-- Generated by org.testng.reporters.JUnitReportReporter -->
<testsuite hostname="Ashok-Singh" name="com.metacube.ipathshala.suite.Login.LoginByAdmin" tests="1" failures="0" timestamp="16 May 2016 04:18:48 GMT" time="25.246" errors="0">
  <testcase name="loginByAdmin" time="25.246" classname="com.metacube.ipathshala.suite.Login.LoginByAdmin"/>
</testsuite> <!-- com.metacube.ipathshala.suite.Login.LoginByAdmin -->
