<?xml version="1.0" encoding="UTF-8"?>
<!-- Generated by org.testng.reporters.JUnitReportReporter -->
<testsuite hostname="Ashok-Singh" name="Resource.CreateAssignment" tests="3" failures="0" timestamp="2 May 2016 11:24:00 GMT" time="111.190" errors="0">
  <testcase name="loginToCollegeApplication" time="21.611" classname="Resource.CreateAssignment"/>
  <testcase name="loginAsTeacher1" time="26.071" classname="Resource.CreateAssignment"/>
  <testcase name="createAssignment1" time="63.508" classname="Resource.CreateAssignment"/>
</testsuite> <!-- Resource.CreateAssignment -->
