<?xml version="1.0" encoding="UTF-8"?>
<!-- Generated by org.testng.reporters.JUnitReportReporter -->
<testsuite hostname="KULDEEP-JOSHI" name="com.metacube.ipathshala.suite.Login.LoginByAdmin" tests="1" failures="0" timestamp="11 May 2016 09:05:50 GMT" time="19.768" errors="0">
  <testcase name="loginByAdmin" time="19.768" classname="com.metacube.ipathshala.suite.Login.LoginByAdmin"/>
</testsuite> <!-- com.metacube.ipathshala.suite.Login.LoginByAdmin -->
