<?xml version="1.0" encoding="UTF-8"?>
<!-- Generated by org.testng.reporters.JUnitReportReporter -->
<testsuite hostname="KULDEEP-JOSHI" name="Notification.NotiticationTab" tests="1" failures="0" timestamp="2 May 2016 13:40:29 GMT" time="16.201" errors="0">
  <testcase name="notificationTab" time="16.201" classname="Notification.NotiticationTab"/>
</testsuite> <!-- Notification.NotiticationTab -->
